<?xml version="1.0" encoding="UTF-8"?>
<testng-results ignored="0" total="2" passed="2" failed="0" skipped="0">
  <reporter-output>
  </reporter-output>
  <suite started-at="2024-03-07T02:54:06 EET" name="Default suite" finished-at="2024-03-07T02:54:10 EET" duration-ms="4216">
    <groups>
    </groups>
    <test started-at="2024-03-07T02:54:06 EET" name="Default test" finished-at="2024-03-07T02:54:10 EET" duration-ms="4216">
      <class name="myProject.TestCaseAlmosafer">
        <test-method is-config="true" signature="preTest()[pri:0, instance:myProject.TestCaseAlmosafer@2c7b5824]" started-at="2024-03-07T02:54:06 EET" name="preTest" finished-at="2024-03-07T02:54:10 EET" duration-ms="3985" status="PASS">
          <reporter-output>
          </reporter-output>
        </test-method> <!-- preTest -->
        <test-method signature="currencyTest()[pri:0, instance:myProject.TestCaseAlmosafer@2c7b5824]" started-at="2024-03-07T02:54:10 EET" name="currencyTest" finished-at="2024-03-07T02:54:10 EET" duration-ms="55" status="PASS">
          <reporter-output>
          </reporter-output>
        </test-method> <!-- currencyTest -->
        <test-method signature="languageTest()[pri:0, instance:myProject.TestCaseAlmosafer@2c7b5824]" started-at="2024-03-07T02:54:10 EET" name="languageTest" finished-at="2024-03-07T02:54:10 EET" duration-ms="82" status="PASS">
          <reporter-output>
          </reporter-output>
        </test-method> <!-- languageTest -->
        <test-method is-config="true" signature="postTest()[pri:0, instance:myProject.TestCaseAlmosafer@2c7b5824]" started-at="2024-03-07T02:54:10 EET" name="postTest" finished-at="2024-03-07T02:54:10 EET" duration-ms="2" status="PASS">
          <reporter-output>
          </reporter-output>
        </test-method> <!-- postTest -->
      </class> <!-- myProject.TestCaseAlmosafer -->
    </test> <!-- Default test -->
  </suite> <!-- Default suite -->
</testng-results>
